<?xml version="1.0" encoding="UTF-8"?>
<!-- This file contains the settings needed to run our unittests. -->
<settings>
  <common>
    <jms>
      <class>dk.netarkivet.common.distribute.JMSConnectionMockupMQ</class>
    </jms>
    <!-- getTimeout is here changed from 300 to 2 seconds to reduce running time of our unittests. -->
    <arcrepositoryClient>
      <getTimeout>2000</getTimeout>
    </arcrepositoryClient>
    <notifications>
      <class>dk.netarkivet.common.utils.PrintNotifications</class>
    </notifications>
    <jmx>
      <!-- timeout is 2 seconds to reduce running time of our unittests -->
      <timeout>2</timeout>
      <passwordFile>tests/dk/netarkivet/jmxremote.password</passwordFile>
      <accessFile>tests/dk/netarkivet/jmxremote.access</accessFile>
    </jmx>
    <http>
      <port>7076</port>
    </http>
    <remoteFile>
      <class>dk.netarkivet.common.distribute.ExtendedFTPRemoteFile</class>
      <userName>jms</userName>
      <userPassword>jms*ftp</userPassword>
      <retries>5</retries>
      <datatimeout>0</datatimeout>
    </remoteFile>
    <tempDir>./tests/commontempdir</tempDir>
    <database>
      <class>dk.netarkivet.harvester.datamodel.DerbyEmbeddedSpecifics</class>
      <baseUrl>jdbc:derby:harvestdefinitionbasedir/fullhddb;upgrade=true</baseUrl>
      <machine></machine>
      <port></port>
      <dir></dir>
      <backupInitHour>3</backupInitHour>
      <pool>
        <minSize>5</minSize>
        <maxSize>10</maxSize>
        <acquireInc>5</acquireInc>
        <maxStm>0</maxStm>
        <maxStmPerConn>0</maxStmPerConn>
        <idleConnTestPeriod>0</idleConnTestPeriod>
        <idleConnTestQuery></idleConnTestQuery>
        <idleConnTestOnCheckin>false</idleConnTestOnCheckin>
      </pool>
    </database>
    <replicas>
      <!-- All bitarchive replicas in the environment, e.g., (ONE, "replicaOne", bitarchive) and (TWO, "replicaTwo", bitarchive). 
        NOTE: settings for checksum replicas are not use yet -->
      <replica>
        <replicaId>ONE</replicaId>
        <replicaType>BiTaRcHiVe</replicaType>
        <replicaName>BarOne</replicaName>
      </replica>
      <replica>
        <replicaId>TWO</replicaId>
        <replicaType>bItArChIvE</replicaType>
        <replicaName>BarTwo</replicaName>
      </replica>
      <replica>
        <replicaId>THREE</replicaId>
        <replicaType>CHeCKSuM</replicaType>
        <replicaName>CsOne</replicaName>
      </replica>
    </replicas>
    <!-- Default bit archive to use for e.g. batch jobs (if none is specified) -->
    <useReplicaId>ONE</useReplicaId>
    <!-- Remove the following setting when the code is updated to use the setting common.replicas.useReplicaId instead of 
      common.useReplicaId -->
    <thisPhysicalLocation>physLocationOne</thisPhysicalLocation>
    <!-- The name of the application, fx. "BitarchiveServerApplication". The monitor puts this with each log message -->
    <applicationName>IxxxxSxxxx</applicationName>
    <applicationInstanceId>XXX</applicationInstanceId>
    <arcrepositoryClient>
      <storeRetries>3</storeRetries>
    </arcrepositoryClient>
  </common>
  <harvester>
    <datamodel>
      <domain>
        <defaultSeedlist>defaultseeds</defaultSeedlist>
        <defaultConfig>defaultconfig</defaultConfig>
        <defaultOrderxml>default_orderxml</defaultOrderxml>
        <defaultMaxrate>100</defaultMaxrate>
        <defaultMaxbytes>1000000000</defaultMaxbytes>
        <defaultMaxobjects>-1</defaultMaxobjects>
        <!-- Used when creating ids for new jobs after a admin database restore. -->
        <nextJobId>0</nextJobId>
        <validSeedRegex>^.*$</validSeedRegex>
      </domain>
    </datamodel>
    <harvesting>
      <heritrix>
        <jmxUsername>controlRole</jmxUsername>
        <jmxPassword>R_D</jmxPassword>
        <archiveFormat>arc</archiveFormat>
      </heritrix>
      <metadata>
        <metadataFormat>arc</metadataFormat>
      </metadata>

    </harvesting>
    <indexserver>
      <maxclients>4</maxclients>
      <maxthreads>2</maxthreads>
      <requestdir>./tests/commontempdir/requests</requestdir>
      <checkinterval>5000</checkinterval>
      <indexingtimeout>172800</indexingtimeout>
    </indexserver>
  </harvester>

  <wayback>
    <hibernate>
      <showSql>false</showSql>
    </hibernate>
    <resourcestore>
      <cachedir>./tests/commontempdir/cachedir</cachedir>
    </resourcestore>
  </wayback>
</settings>
